chrome.exe : 
At line:1 char:1
+ & 'C:\Program Files\Google\Chrome\Application\chrome.exe' --remote-de ...
+ ~~~~~~~~~~~~~~~~~~~~~~~~~~~~~~~~~~~~~~~~~~~~~~~~~~~~~~~~~~~~~~~~~~~~~
    + CategoryInfo          : NotSpecified: (:String) [], RemoteException
    + FullyQualifiedErrorId : NativeCommandError
 
DevTools listening on ws://127.0.0.1:9222/devtools/browser/b6b460b6-ef9c-4b15-9a74-e2938cce0e2a
[35400:31720:0525/183730.527:ERROR:google_apis\gcm\engine\registration_request.cc:291] Registration response error 
message: DEPRECATED_ENDPOINT
[35400:38892:0525/183740.003:ERROR:components\download\internal\common\download_item_impl.cc:2550] Download full path 
should be empty before resumption
[35400:38892:0525/183740.003:ERROR:components\download\internal\common\download_item_impl.cc:2550] Download full path 
should be empty before resumption
Created TensorFlow Lite XNNPACK delegate for CPU.
[35400:31720:0525/183756.298:ERROR:google_apis\gcm\engine\registration_request.cc:291] Registration response error 
message: DEPRECATED_ENDPOINT
[35400:31720:0525/183837.446:ERROR:google_apis\gcm\engine\registration_request.cc:291] Registration response error 
message: DEPRECATED_ENDPOINT
[35400:31720:0525/184019.716:ERROR:google_apis\gcm\engine\registration_request.cc:291] Registration response error 
message: DEPRECATED_ENDPOINT
[35400:31720:0525/184331.414:ERROR:google_apis\gcm\engine\registration_request.cc:291] Registration response error 
message: DEPRECATED_ENDPOINT
[35400:31720:0525/184957.397:ERROR:google_apis\gcm\engine\registration_request.cc:291] Registration response error 
message: DEPRECATED_ENDPOINT
